Sat Jul 22 14:24:05 2023  [TRACE]: Start Initializing a b c A
Sat Jul 22 14:24:06 2023  [TRACE]: Processing coefs
Sat Jul 22 14:24:06 2023  [TRACE]: Calculating c
Sat Jul 22 14:24:06 2023  [TRACE]: Initializing fft
Sat Jul 22 14:24:06 2023  [TRACE]: Start iFFT A
Sat Jul 22 14:24:07 2023  [TRACE]: a After ifft:
Sat Jul 22 14:24:07 2023  [TRACE]: Start Shift A
Sat Jul 22 14:24:07 2023  [TRACE]: a After shift:
Sat Jul 22 14:24:07 2023  [TRACE]: Start FFT A
Sat Jul 22 14:24:08 2023  [TRACE]: a After fft:
Sat Jul 22 14:24:08 2023  [TRACE]: Start iFFT B
Sat Jul 22 14:24:08 2023  [TRACE]: b After ifft:
Sat Jul 22 14:24:08 2023  [TRACE]: Start Shift B
Sat Jul 22 14:24:08 2023  [TRACE]: b After shift:
Sat Jul 22 14:24:08 2023  [TRACE]: Start FFT B
Sat Jul 22 14:24:09 2023  [TRACE]: b After fft:
Sat Jul 22 14:24:09 2023  [TRACE]: Start iFFT C
Sat Jul 22 14:24:10 2023  [TRACE]: c After ifft:
Sat Jul 22 14:24:10 2023  [TRACE]: Start Shift C
Sat Jul 22 14:24:10 2023  [TRACE]: c After shift:
Sat Jul 22 14:24:10 2023  [TRACE]: Start FFT C
Sat Jul 22 14:24:11 2023  [TRACE]: c After fft:
Sat Jul 22 14:24:11 2023  [TRACE]: Start ABC
Sat Jul 22 14:24:11 2023  [TRACE]: abc:
Sat Jul 22 14:24:12 2023  [TRACE]: Start Multiexp H
Sat Jul 22 14:24:21 2023  [TRACE]: Start Multiexp A
Sat Jul 22 14:24:27 2023  [TRACE]: Start Multiexp B1
Sat Jul 22 14:24:33 2023  [TRACE]: Start Multiexp B2
Sat Jul 22 14:24:42 2023  [TRACE]: Start Multiexp C
Sat Jul 22 14:35:49 2023  [TRACE]: Start Initializing a b c A
Sat Jul 22 14:35:49 2023  [TRACE]: Processing coefs
Sat Jul 22 14:35:49 2023  [TRACE]: Calculating c
Sat Jul 22 14:35:49 2023  [TRACE]: Initializing fft
Sat Jul 22 14:35:49 2023  [TRACE]: Start iFFT A
Sat Jul 22 14:35:50 2023  [TRACE]: a After ifft:
Sat Jul 22 14:35:50 2023  [TRACE]: Start Shift A
Sat Jul 22 14:35:50 2023  [TRACE]: a After shift:
Sat Jul 22 14:35:50 2023  [TRACE]: Start FFT A
Sat Jul 22 14:35:51 2023  [TRACE]: a After fft:
Sat Jul 22 14:35:51 2023  [TRACE]: Start iFFT B
Sat Jul 22 14:35:51 2023  [TRACE]: b After ifft:
Sat Jul 22 14:35:51 2023  [TRACE]: Start Shift B
Sat Jul 22 14:35:51 2023  [TRACE]: b After shift:
Sat Jul 22 14:35:51 2023  [TRACE]: Start FFT B
Sat Jul 22 14:35:52 2023  [TRACE]: b After fft:
Sat Jul 22 14:35:52 2023  [TRACE]: Start iFFT C
Sat Jul 22 14:35:53 2023  [TRACE]: c After ifft:
Sat Jul 22 14:35:53 2023  [TRACE]: Start Shift C
Sat Jul 22 14:35:53 2023  [TRACE]: c After shift:
Sat Jul 22 14:35:53 2023  [TRACE]: Start FFT C
Sat Jul 22 14:35:54 2023  [TRACE]: c After fft:
Sat Jul 22 14:35:54 2023  [TRACE]: Start ABC
Sat Jul 22 14:35:54 2023  [TRACE]: abc:
Sat Jul 22 14:35:54 2023  [TRACE]: Start Multiexp H
Sat Jul 22 14:36:03 2023  [TRACE]: Start Multiexp A
Sat Jul 22 14:36:10 2023  [TRACE]: Start Multiexp B1
Sat Jul 22 14:36:17 2023  [TRACE]: Start Multiexp B2
Sat Jul 22 14:36:25 2023  [TRACE]: Start Multiexp C
Sat Jul 22 14:38:57 2023  [TRACE]: Start Initializing a b c A
Sat Jul 22 14:38:57 2023  [TRACE]: Processing coefs
Sat Jul 22 14:38:57 2023  [TRACE]: Calculating c
Sat Jul 22 14:38:57 2023  [TRACE]: Initializing fft
Sat Jul 22 14:38:57 2023  [TRACE]: Start iFFT A
Sat Jul 22 14:38:58 2023  [TRACE]: a After ifft:
Sat Jul 22 14:38:58 2023  [TRACE]: Start Shift A
Sat Jul 22 14:38:58 2023  [TRACE]: a After shift:
Sat Jul 22 14:38:58 2023  [TRACE]: Start FFT A
Sat Jul 22 14:38:59 2023  [TRACE]: a After fft:
Sat Jul 22 14:38:59 2023  [TRACE]: Start iFFT B
Sat Jul 22 14:39:00 2023  [TRACE]: b After ifft:
Sat Jul 22 14:39:00 2023  [TRACE]: Start Shift B
Sat Jul 22 14:39:00 2023  [TRACE]: b After shift:
Sat Jul 22 14:39:00 2023  [TRACE]: Start FFT B
Sat Jul 22 14:39:00 2023  [TRACE]: b After fft:
Sat Jul 22 14:39:00 2023  [TRACE]: Start iFFT C
Sat Jul 22 14:39:01 2023  [TRACE]: c After ifft:
Sat Jul 22 14:39:01 2023  [TRACE]: Start Shift C
Sat Jul 22 14:39:01 2023  [TRACE]: c After shift:
Sat Jul 22 14:39:01 2023  [TRACE]: Start FFT C
Sat Jul 22 14:39:02 2023  [TRACE]: c After fft:
Sat Jul 22 14:39:02 2023  [TRACE]: Start ABC
Sat Jul 22 14:39:02 2023  [TRACE]: abc:
Sat Jul 22 14:39:02 2023  [TRACE]: Start Multiexp H
Sat Jul 22 14:39:11 2023  [TRACE]: Start Multiexp A
Sat Jul 22 14:39:17 2023  [TRACE]: Start Multiexp B1
Sat Jul 22 14:39:24 2023  [TRACE]: Start Multiexp B2
Sat Jul 22 14:39:32 2023  [TRACE]: Start Multiexp C
Sat Jul 22 14:47:08 2023  [TRACE]: Start Initializing a b c A
Sat Jul 22 14:47:08 2023  [TRACE]: Processing coefs
Sat Jul 22 14:47:08 2023  [TRACE]: Calculating c
Sat Jul 22 14:47:08 2023  [TRACE]: Initializing fft
Sat Jul 22 14:47:08 2023  [TRACE]: Start iFFT A
Sat Jul 22 14:47:09 2023  [TRACE]: a After ifft:
Sat Jul 22 14:47:09 2023  [TRACE]: Start Shift A
Sat Jul 22 14:47:09 2023  [TRACE]: a After shift:
Sat Jul 22 14:47:09 2023  [TRACE]: Start FFT A
Sat Jul 22 14:47:10 2023  [TRACE]: a After fft:
Sat Jul 22 14:47:10 2023  [TRACE]: Start iFFT B
Sat Jul 22 14:47:11 2023  [TRACE]: b After ifft:
Sat Jul 22 14:47:11 2023  [TRACE]: Start Shift B
Sat Jul 22 14:47:11 2023  [TRACE]: b After shift:
Sat Jul 22 14:47:11 2023  [TRACE]: Start FFT B
Sat Jul 22 14:47:12 2023  [TRACE]: b After fft:
Sat Jul 22 14:47:12 2023  [TRACE]: Start iFFT C
Sat Jul 22 14:47:13 2023  [TRACE]: c After ifft:
Sat Jul 22 14:47:13 2023  [TRACE]: Start Shift C
Sat Jul 22 14:47:13 2023  [TRACE]: c After shift:
Sat Jul 22 14:47:13 2023  [TRACE]: Start FFT C
Sat Jul 22 14:47:14 2023  [TRACE]: c After fft:
Sat Jul 22 14:47:14 2023  [TRACE]: Start ABC
Sat Jul 22 14:47:14 2023  [TRACE]: abc:
Sat Jul 22 14:47:14 2023  [TRACE]: Start Multiexp H
Sat Jul 22 14:47:23 2023  [TRACE]: Start Multiexp A
Sat Jul 22 14:47:29 2023  [TRACE]: Start Multiexp B1
Sat Jul 22 14:47:36 2023  [TRACE]: Start Multiexp B2
Sat Jul 22 14:47:44 2023  [TRACE]: Start Multiexp C
Sat Jul 22 14:48:58 2023  [TRACE]: Start Initializing a b c A
Sat Jul 22 14:48:58 2023  [TRACE]: Processing coefs
Sat Jul 22 14:48:58 2023  [TRACE]: Calculating c
Sat Jul 22 14:48:58 2023  [TRACE]: Initializing fft
Sat Jul 22 14:48:58 2023  [TRACE]: Start iFFT A
Sat Jul 22 14:49:00 2023  [TRACE]: a After ifft:
Sat Jul 22 14:49:00 2023  [TRACE]: Start Shift A
Sat Jul 22 14:49:00 2023  [TRACE]: a After shift:
Sat Jul 22 14:49:00 2023  [TRACE]: Start FFT A
Sat Jul 22 14:49:01 2023  [TRACE]: a After fft:
Sat Jul 22 14:49:01 2023  [TRACE]: Start iFFT B
Sat Jul 22 14:49:02 2023  [TRACE]: b After ifft:
Sat Jul 22 14:49:02 2023  [TRACE]: Start Shift B
Sat Jul 22 14:49:02 2023  [TRACE]: b After shift:
Sat Jul 22 14:49:02 2023  [TRACE]: Start FFT B
Sat Jul 22 14:49:03 2023  [TRACE]: b After fft:
Sat Jul 22 14:49:03 2023  [TRACE]: Start iFFT C
Sat Jul 22 14:49:04 2023  [TRACE]: c After ifft:
Sat Jul 22 14:49:04 2023  [TRACE]: Start Shift C
Sat Jul 22 14:49:04 2023  [TRACE]: c After shift:
Sat Jul 22 14:49:04 2023  [TRACE]: Start FFT C
Sat Jul 22 14:49:05 2023  [TRACE]: c After fft:
Sat Jul 22 14:49:05 2023  [TRACE]: Start ABC
Sat Jul 22 14:49:05 2023  [TRACE]: abc:
Sat Jul 22 14:49:05 2023  [TRACE]: Start Multiexp H
Sat Jul 22 14:49:15 2023  [TRACE]: Start Multiexp A
Sat Jul 22 14:49:21 2023  [TRACE]: Start Multiexp B1
Sat Jul 22 14:49:28 2023  [TRACE]: Start Multiexp B2
Sat Jul 22 14:49:37 2023  [TRACE]: Start Multiexp C
Sat Jul 22 14:50:45 2023  [TRACE]: Start Initializing a b c A
Sat Jul 22 14:50:45 2023  [TRACE]: Processing coefs
Sat Jul 22 14:50:45 2023  [TRACE]: Calculating c
Sat Jul 22 14:50:45 2023  [TRACE]: Initializing fft
Sat Jul 22 14:50:45 2023  [TRACE]: Start iFFT A
Sat Jul 22 14:50:46 2023  [TRACE]: a After ifft:
Sat Jul 22 14:50:46 2023  [TRACE]: Start Shift A
Sat Jul 22 14:50:46 2023  [TRACE]: a After shift:
Sat Jul 22 14:50:46 2023  [TRACE]: Start FFT A
Sat Jul 22 14:50:48 2023  [TRACE]: a After fft:
Sat Jul 22 14:50:48 2023  [TRACE]: Start iFFT B
Sat Jul 22 14:50:49 2023  [TRACE]: b After ifft:
Sat Jul 22 14:50:49 2023  [TRACE]: Start Shift B
Sat Jul 22 14:50:49 2023  [TRACE]: b After shift:
Sat Jul 22 14:50:49 2023  [TRACE]: Start FFT B
Sat Jul 22 14:50:51 2023  [TRACE]: b After fft:
Sat Jul 22 14:50:51 2023  [TRACE]: Start iFFT C
Sat Jul 22 14:50:52 2023  [TRACE]: c After ifft:
Sat Jul 22 14:50:52 2023  [TRACE]: Start Shift C
Sat Jul 22 14:50:52 2023  [TRACE]: c After shift:
Sat Jul 22 14:50:52 2023  [TRACE]: Start FFT C
Sat Jul 22 14:50:53 2023  [TRACE]: c After fft:
Sat Jul 22 14:50:53 2023  [TRACE]: Start ABC
Sat Jul 22 14:50:53 2023  [TRACE]: abc:
Sat Jul 22 14:50:53 2023  [TRACE]: Start Multiexp H
Sat Jul 22 14:51:02 2023  [TRACE]: Start Multiexp A
Sat Jul 22 14:51:09 2023  [TRACE]: Start Multiexp B1
Sat Jul 22 14:51:15 2023  [TRACE]: Start Multiexp B2
Sat Jul 22 14:51:23 2023  [TRACE]: Start Multiexp C
Sat Jul 22 14:55:51 2023  [TRACE]: Start Initializing a b c A
Sat Jul 22 14:55:51 2023  [TRACE]: Processing coefs
Sat Jul 22 14:55:51 2023  [TRACE]: Calculating c
Sat Jul 22 14:55:51 2023  [TRACE]: Initializing fft
Sat Jul 22 14:55:51 2023  [TRACE]: Start iFFT A
Sat Jul 22 14:55:52 2023  [TRACE]: a After ifft:
Sat Jul 22 14:55:52 2023  [TRACE]: Start Shift A
Sat Jul 22 14:55:52 2023  [TRACE]: a After shift:
Sat Jul 22 14:55:52 2023  [TRACE]: Start FFT A
Sat Jul 22 14:55:53 2023  [TRACE]: a After fft:
Sat Jul 22 14:55:53 2023  [TRACE]: Start iFFT B
Sat Jul 22 14:55:53 2023  [TRACE]: b After ifft:
Sat Jul 22 14:55:53 2023  [TRACE]: Start Shift B
Sat Jul 22 14:55:53 2023  [TRACE]: b After shift:
Sat Jul 22 14:55:53 2023  [TRACE]: Start FFT B
Sat Jul 22 14:55:54 2023  [TRACE]: b After fft:
Sat Jul 22 14:55:54 2023  [TRACE]: Start iFFT C
Sat Jul 22 14:55:55 2023  [TRACE]: c After ifft:
Sat Jul 22 14:55:55 2023  [TRACE]: Start Shift C
Sat Jul 22 14:55:55 2023  [TRACE]: c After shift:
Sat Jul 22 14:55:55 2023  [TRACE]: Start FFT C
Sat Jul 22 14:55:56 2023  [TRACE]: c After fft:
Sat Jul 22 14:55:56 2023  [TRACE]: Start ABC
Sat Jul 22 14:55:56 2023  [TRACE]: abc:
Sat Jul 22 14:55:56 2023  [TRACE]: Start Multiexp H
Sat Jul 22 14:56:06 2023  [TRACE]: Start Multiexp A
Sat Jul 22 14:56:12 2023  [TRACE]: Start Multiexp B1
Sat Jul 22 14:56:19 2023  [TRACE]: Start Multiexp B2
Sat Jul 22 14:56:27 2023  [TRACE]: Start Multiexp C
Sat Jul 22 14:58:37 2023  [TRACE]: Start Initializing a b c A
Sat Jul 22 14:58:37 2023  [TRACE]: Processing coefs
Sat Jul 22 14:58:37 2023  [TRACE]: Calculating c
Sat Jul 22 14:58:37 2023  [TRACE]: Initializing fft
Sat Jul 22 14:58:37 2023  [TRACE]: Start iFFT A
Sat Jul 22 14:58:38 2023  [TRACE]: a After ifft:
Sat Jul 22 14:58:38 2023  [TRACE]: Start Shift A
Sat Jul 22 14:58:38 2023  [TRACE]: a After shift:
Sat Jul 22 14:58:38 2023  [TRACE]: Start FFT A
Sat Jul 22 14:58:40 2023  [TRACE]: a After fft:
Sat Jul 22 14:58:40 2023  [TRACE]: Start iFFT B
Sat Jul 22 14:58:42 2023  [TRACE]: b After ifft:
Sat Jul 22 14:58:42 2023  [TRACE]: Start Shift B
Sat Jul 22 14:58:42 2023  [TRACE]: b After shift:
Sat Jul 22 14:58:42 2023  [TRACE]: Start FFT B
Sat Jul 22 14:58:43 2023  [TRACE]: b After fft:
Sat Jul 22 14:58:43 2023  [TRACE]: Start iFFT C
Sat Jul 22 14:58:44 2023  [TRACE]: c After ifft:
Sat Jul 22 14:58:44 2023  [TRACE]: Start Shift C
Sat Jul 22 14:58:44 2023  [TRACE]: c After shift:
Sat Jul 22 14:58:44 2023  [TRACE]: Start FFT C
Sat Jul 22 14:58:45 2023  [TRACE]: c After fft:
Sat Jul 22 14:58:45 2023  [TRACE]: Start ABC
Sat Jul 22 14:58:46 2023  [TRACE]: abc:
Sat Jul 22 14:58:46 2023  [TRACE]: Start Multiexp H
Sat Jul 22 14:58:59 2023  [TRACE]: Start Multiexp A
Sat Jul 22 14:59:09 2023  [TRACE]: Start Multiexp B1
Sat Jul 22 14:59:20 2023  [TRACE]: Start Multiexp B2
Sat Jul 22 14:59:33 2023  [TRACE]: Start Multiexp C
Sat Jul 22 15:02:54 2023  [TRACE]: Start Initializing a b c A
Sat Jul 22 15:02:54 2023  [TRACE]: Processing coefs
Sat Jul 22 15:02:55 2023  [TRACE]: Calculating c
Sat Jul 22 15:02:55 2023  [TRACE]: Initializing fft
Sat Jul 22 15:02:55 2023  [TRACE]: Start iFFT A
Sat Jul 22 15:02:56 2023  [TRACE]: a After ifft:
Sat Jul 22 15:02:56 2023  [TRACE]: Start Shift A
Sat Jul 22 15:02:56 2023  [TRACE]: a After shift:
Sat Jul 22 15:02:56 2023  [TRACE]: Start FFT A
Sat Jul 22 15:02:57 2023  [TRACE]: a After fft:
Sat Jul 22 15:02:57 2023  [TRACE]: Start iFFT B
Sat Jul 22 15:02:59 2023  [TRACE]: b After ifft:
Sat Jul 22 15:02:59 2023  [TRACE]: Start Shift B
Sat Jul 22 15:02:59 2023  [TRACE]: b After shift:
Sat Jul 22 15:02:59 2023  [TRACE]: Start FFT B
Sat Jul 22 15:03:00 2023  [TRACE]: b After fft:
Sat Jul 22 15:03:00 2023  [TRACE]: Start iFFT C
Sat Jul 22 15:03:02 2023  [TRACE]: c After ifft:
Sat Jul 22 15:03:02 2023  [TRACE]: Start Shift C
Sat Jul 22 15:03:02 2023  [TRACE]: c After shift:
Sat Jul 22 15:03:02 2023  [TRACE]: Start FFT C
Sat Jul 22 15:03:03 2023  [TRACE]: c After fft:
Sat Jul 22 15:03:03 2023  [TRACE]: Start ABC
Sat Jul 22 15:03:03 2023  [TRACE]: abc:
Sat Jul 22 15:03:03 2023  [TRACE]: Start Multiexp H
Sat Jul 22 15:03:18 2023  [TRACE]: Start Multiexp A
Sat Jul 22 15:03:29 2023  [TRACE]: Start Multiexp B1
Sat Jul 22 15:03:40 2023  [TRACE]: Start Multiexp B2
Sat Jul 22 15:03:54 2023  [TRACE]: Start Multiexp C
Sat Jul 22 15:04:40 2023  [TRACE]: Start Initializing a b c A
Sat Jul 22 15:04:40 2023  [TRACE]: Processing coefs
Sat Jul 22 15:04:41 2023  [TRACE]: Calculating c
Sat Jul 22 15:04:41 2023  [TRACE]: Initializing fft
Sat Jul 22 15:04:41 2023  [TRACE]: Start iFFT A
Sat Jul 22 15:04:42 2023  [TRACE]: a After ifft:
Sat Jul 22 15:04:42 2023  [TRACE]: Start Shift A
Sat Jul 22 15:04:42 2023  [TRACE]: a After shift:
Sat Jul 22 15:04:42 2023  [TRACE]: Start FFT A
Sat Jul 22 15:04:43 2023  [TRACE]: a After fft:
Sat Jul 22 15:04:43 2023  [TRACE]: Start iFFT B
Sat Jul 22 15:04:45 2023  [TRACE]: b After ifft:
Sat Jul 22 15:04:45 2023  [TRACE]: Start Shift B
Sat Jul 22 15:04:45 2023  [TRACE]: b After shift:
Sat Jul 22 15:04:45 2023  [TRACE]: Start FFT B
Sat Jul 22 15:04:46 2023  [TRACE]: b After fft:
Sat Jul 22 15:04:46 2023  [TRACE]: Start iFFT C
Sat Jul 22 15:04:48 2023  [TRACE]: c After ifft:
Sat Jul 22 15:04:48 2023  [TRACE]: Start Shift C
Sat Jul 22 15:04:48 2023  [TRACE]: c After shift:
Sat Jul 22 15:04:48 2023  [TRACE]: Start FFT C
Sat Jul 22 15:04:49 2023  [TRACE]: c After fft:
Sat Jul 22 15:04:49 2023  [TRACE]: Start ABC
Sat Jul 22 15:04:49 2023  [TRACE]: abc:
Sat Jul 22 15:04:49 2023  [TRACE]: Start Multiexp H
Sat Jul 22 15:04:58 2023  [TRACE]: Start Multiexp A
Sat Jul 22 15:05:04 2023  [TRACE]: Start Multiexp B1
Sat Jul 22 15:05:10 2023  [TRACE]: Start Multiexp B2
Sat Jul 22 15:05:18 2023  [TRACE]: Start Multiexp C
Sat Jul 22 15:14:03 2023  [TRACE]: Start Initializing a b c A
Sat Jul 22 15:14:03 2023  [TRACE]: Processing coefs
Sat Jul 22 15:14:04 2023  [TRACE]: Calculating c
Sat Jul 22 15:14:04 2023  [TRACE]: Initializing fft
Sat Jul 22 15:14:04 2023  [TRACE]: Start iFFT A
Sat Jul 22 15:14:04 2023  [TRACE]: a After ifft:
Sat Jul 22 15:14:04 2023  [TRACE]: Start Shift A
Sat Jul 22 15:14:04 2023  [TRACE]: a After shift:
Sat Jul 22 15:14:04 2023  [TRACE]: Start FFT A
Sat Jul 22 15:14:05 2023  [TRACE]: a After fft:
Sat Jul 22 15:14:05 2023  [TRACE]: Start iFFT B
Sat Jul 22 15:14:05 2023  [TRACE]: b After ifft:
Sat Jul 22 15:14:05 2023  [TRACE]: Start Shift B
Sat Jul 22 15:14:05 2023  [TRACE]: b After shift:
Sat Jul 22 15:14:05 2023  [TRACE]: Start FFT B
Sat Jul 22 15:14:06 2023  [TRACE]: b After fft:
Sat Jul 22 15:14:06 2023  [TRACE]: Start iFFT C
Sat Jul 22 15:14:06 2023  [TRACE]: c After ifft:
Sat Jul 22 15:14:06 2023  [TRACE]: Start Shift C
Sat Jul 22 15:14:06 2023  [TRACE]: c After shift:
Sat Jul 22 15:14:06 2023  [TRACE]: Start FFT C
Sat Jul 22 15:14:07 2023  [TRACE]: c After fft:
Sat Jul 22 15:14:07 2023  [TRACE]: Start ABC
Sat Jul 22 15:14:07 2023  [TRACE]: abc:
Sat Jul 22 15:14:07 2023  [TRACE]: Start Multiexp H
Sat Jul 22 15:14:11 2023  [TRACE]: Start Multiexp A
Sat Jul 22 15:14:11 2023  [TRACE]: Start Multiexp B1
Sat Jul 22 15:14:12 2023  [TRACE]: Start Multiexp B2
Sat Jul 22 15:14:14 2023  [TRACE]: Start Multiexp C
Sat Jul 22 15:16:36 2023  [TRACE]: Start Initializing a b c A
Sat Jul 22 15:16:36 2023  [TRACE]: Processing coefs
Sat Jul 22 15:16:36 2023  [TRACE]: Calculating c
Sat Jul 22 15:16:36 2023  [TRACE]: Initializing fft
Sat Jul 22 15:16:36 2023  [TRACE]: Start iFFT A
Sat Jul 22 15:16:36 2023  [TRACE]: a After ifft:
Sat Jul 22 15:16:36 2023  [TRACE]: Start Shift A
Sat Jul 22 15:16:36 2023  [TRACE]: a After shift:
Sat Jul 22 15:16:36 2023  [TRACE]: Start FFT A
Sat Jul 22 15:16:36 2023  [TRACE]: a After fft:
Sat Jul 22 15:16:36 2023  [TRACE]: Start iFFT B
Sat Jul 22 15:16:37 2023  [TRACE]: b After ifft:
Sat Jul 22 15:16:37 2023  [TRACE]: Start Shift B
Sat Jul 22 15:16:37 2023  [TRACE]: b After shift:
Sat Jul 22 15:16:37 2023  [TRACE]: Start FFT B
Sat Jul 22 15:16:37 2023  [TRACE]: b After fft:
Sat Jul 22 15:16:37 2023  [TRACE]: Start iFFT C
Sat Jul 22 15:16:37 2023  [TRACE]: c After ifft:
Sat Jul 22 15:16:37 2023  [TRACE]: Start Shift C
Sat Jul 22 15:16:37 2023  [TRACE]: c After shift:
Sat Jul 22 15:16:37 2023  [TRACE]: Start FFT C
Sat Jul 22 15:16:37 2023  [TRACE]: c After fft:
Sat Jul 22 15:16:37 2023  [TRACE]: Start ABC
Sat Jul 22 15:16:37 2023  [TRACE]: abc:
Sat Jul 22 15:16:37 2023  [TRACE]: Start Multiexp H
Sat Jul 22 15:16:39 2023  [TRACE]: Start Multiexp A
Sat Jul 22 15:16:40 2023  [TRACE]: Start Multiexp B1
Sat Jul 22 15:16:40 2023  [TRACE]: Start Multiexp B2
Sat Jul 22 15:16:42 2023  [TRACE]: Start Multiexp C
Sat Jul 22 15:23:40 2023  [TRACE]: Start Initializing a b c A
Sat Jul 22 15:23:40 2023  [TRACE]: Processing coefs
Sat Jul 22 15:23:41 2023  [TRACE]: Calculating c
Sat Jul 22 15:23:41 2023  [TRACE]: Initializing fft
Sat Jul 22 15:23:41 2023  [TRACE]: Start iFFT A
Sat Jul 22 15:23:41 2023  [TRACE]: a After ifft:
Sat Jul 22 15:23:41 2023  [TRACE]: Start Shift A
Sat Jul 22 15:23:41 2023  [TRACE]: a After shift:
Sat Jul 22 15:23:41 2023  [TRACE]: Start FFT A
Sat Jul 22 15:23:42 2023  [TRACE]: a After fft:
Sat Jul 22 15:23:42 2023  [TRACE]: Start iFFT B
Sat Jul 22 15:23:42 2023  [TRACE]: b After ifft:
Sat Jul 22 15:23:42 2023  [TRACE]: Start Shift B
Sat Jul 22 15:23:42 2023  [TRACE]: b After shift:
Sat Jul 22 15:23:42 2023  [TRACE]: Start FFT B
Sat Jul 22 15:23:43 2023  [TRACE]: b After fft:
Sat Jul 22 15:23:43 2023  [TRACE]: Start iFFT C
Sat Jul 22 15:23:43 2023  [TRACE]: c After ifft:
Sat Jul 22 15:23:43 2023  [TRACE]: Start Shift C
Sat Jul 22 15:23:43 2023  [TRACE]: c After shift:
Sat Jul 22 15:23:43 2023  [TRACE]: Start FFT C
Sat Jul 22 15:23:44 2023  [TRACE]: c After fft:
Sat Jul 22 15:23:44 2023  [TRACE]: Start ABC
Sat Jul 22 15:23:44 2023  [TRACE]: abc:
Sat Jul 22 15:23:44 2023  [TRACE]: Start Multiexp H
Sat Jul 22 15:23:47 2023  [TRACE]: Start Multiexp A
Sat Jul 22 15:23:48 2023  [TRACE]: Start Multiexp B1
Sat Jul 22 15:23:48 2023  [TRACE]: Start Multiexp B2
Sat Jul 22 15:23:51 2023  [TRACE]: Start Multiexp C
